#
# A fatal error has been detected by the Java Runtime Environment:
#
#  SIGSEGV (0xb) at pc=0x0000000105aa8e85, pid=46647, tid=23299
#
# JRE version: Java(TM) SE Runtime Environment (13.0.2+8) (build 13.0.2+8)
# Java VM: Java HotSpot(TM) 64-Bit Server VM (13.0.2+8, mixed mode, sharing, tiered, compressed oops, g1 gc, bsd-amd64)
# Problematic frame:
# V  [libjvm.dylib+0x6a8e85]  SignatureIterator::expect(char)+0x11
#
# No core dump will be written. Core dumps have been disabled. To enable core dumping, try "ulimit -c unlimited" before starting Java again
#
# If you would like to submit a bug report, please visit:
#   http://bugreport.java.com/bugreport/crash.jsp
#

---------------  S U M M A R Y ------------

Command Line: -agentlib:jdwp=transport=dt_socket,suspend=y,address=localhost:57438 -javaagent:/Applications/Eclipse.app/Contents/Eclipse/configuration/org.eclipse.osgi/578/0/.cp/lib/javaagent-shaded.jar -Dfile.encoding=UTF-8 smar2t.ModelToJSON

Host: MacBookPro11,1 x86_64 2800 MHz, 4 cores, 8G, Darwin 19.0.0
Time: Tue Jan 21 19:06:34 2020 -03 elapsed time: 999 seconds (0d 0h 16m 39s)

---------------  T H R E A D  ---------------

Current thread (0x00007faa300fd800):  JavaThread "JDWP Transport Listener: dt_socket" daemon [_thread_in_vm, id=23299, stack(0x000070000e71f000,0x000070000e81f000)] _threads_hazard_ptr=0x00007faa2e7def40

Stack: [0x000070000e71f000,0x000070000e81f000],  sp=0x000070000e81df50,  free space=1019k
Native frames: (J=compiled Java code, A=aot compiled Java code, j=interpreted, Vv=VM code, C=native code)
V  [libjvm.dylib+0x6a8e85]  SignatureIterator::expect(char)+0x11
V  [libjvm.dylib+0x6a9373]  SignatureIterator::iterate_returntype()+0x23
V  [libjvm.dylib+0x346751]  GenerateOopMap::do_method(int, int, int, int)+0x77
V  [libjvm.dylib+0x344e37]  GenerateOopMap::interp_bb(BasicBlock*)+0xdb
V  [libjvm.dylib+0x344b58]  GenerateOopMap::interp_all()+0x3c
V  [libjvm.dylib+0x344809]  GenerateOopMap::do_interpretation()+0x4b
V  [libjvm.dylib+0x346f35]  GenerateOopMap::compute_map(Thread*)+0x165
V  [libjvm.dylib+0x617c52]  OopMapForCacheEntry::compute_map(Thread*)+0x54
V  [libjvm.dylib+0x618434]  OopMapCacheEntry::fill(methodHandle const&, int)+0xac
V  [libjvm.dylib+0x618d65]  OopMapCache::compute_one_oop_map(methodHandle const&, int, InterpreterOopMap*)+0x5d
V  [libjvm.dylib+0x5e1864]  Method::mask_for(int, InterpreterOopMap*)+0x7e
V  [libjvm.dylib+0x770a02]  interpretedVFrame::stack_data(bool) const+0x48
V  [libjvm.dylib+0x4f9431]  VM_GetOrSetLocal::check_slot_type_no_lvt(javaVFrame*)+0x4d
V  [libjvm.dylib+0x4f94df]  VM_GetOrSetLocal::doit_prologue()+0x4f
V  [libjvm.dylib+0x783af0]  VMThread::execute(VM_Operation*)+0x13e
V  [libjvm.dylib+0x4e5682]  JvmtiEnv::GetLocalObject(JavaThread*, int, int, _jobject**)+0x54
V  [libjvm.dylib+0x4a79d7]  jvmti_GetLocalObject(_jvmtiEnv*, _jobject*, int, int, _jobject**)+0x157
C  [libjdwp.dylib+0x69fa]  getValues+0x186
C  [libjdwp.dylib+0xece9]  debugLoop_run+0x1f1
C  [libjdwp.dylib+0x1fe0c]  attachThread+0x4c
V  [libjvm.dylib+0x4f7f42]  JvmtiAgentThread::call_start_function()+0x38
V  [libjvm.dylib+0x72a2f4]  JavaThread::thread_main_inner()+0x86
V  [libjvm.dylib+0x72a132]  JavaThread::run()+0x124
V  [libjvm.dylib+0x727f51]  Thread::call_run()+0x71
V  [libjvm.dylib+0x6206a5]  thread_native_entry(Thread*)+0x132
C  [libsystem_pthread.dylib+0x5d76]  _pthread_start+0x7d
C  [libsystem_pthread.dylib+0x25ef]  thread_start+0xf


siginfo: si_signo: 11 (SIGSEGV), si_code: 1 (SEGV_MAPERR), si_addr: 0x0000000000000006

Register to memory mapping:

RAX=0x0 is NULL
RBX=0x000070000e81dfb0 is pointing into the stack for thread: 0x00007faa300fd800
RCX=0x0 is NULL
RDX=0x0000000000001940 is an unknown value
RSP=0x000070000e81df50 is pointing into the stack for thread: 0x00007faa300fd800
RBP=0x000070000e81df60 is pointing into the stack for thread: 0x00007faa300fd800
RSI=0x0000000000000028 is an unknown value
RDI=0x000070000e81dfb0 is pointing into the stack for thread: 0x00007faa300fd800
R8 =0x00000000000000c2 is an unknown value
R9 =0x00007faa2e563210 points into unknown readable memory: 80 ee cd 09 01 00 00 00
R10=0x0000000047000000 is an unknown value
R11=0xffffffffffffff48 is an unknown value
R12=0x000070000e81dfb0 is pointing into the stack for thread: 0x00007faa300fd800
R13=0x000070000e81e5f0 is pointing into the stack for thread: 0x00007faa300fd800
R14=0x0 is NULL
R15=0x000070000e81dfb0 is pointing into the stack for thread: 0x00007faa300fd800


Registers:
RAX=0x0000000000000000, RBX=0x000070000e81dfb0, RCX=0x0000000000000000, RDX=0x0000000000001940
RSP=0x000070000e81df50, RBP=0x000070000e81df60, RSI=0x0000000000000028, RDI=0x000070000e81dfb0
R8 =0x00000000000000c2, R9 =0x00007faa2e563210, R10=0x0000000047000000, R11=0xffffffffffffff48
R12=0x000070000e81dfb0, R13=0x000070000e81e5f0, R14=0x0000000000000000, R15=0x000070000e81dfb0
RIP=0x0000000105aa8e85, EFLAGS=0x0000000000010202, ERR=0x0000000000000004
  TRAPNO=0x000000000000000e

Top of Stack: (sp=0x000070000e81df50)
0x000070000e81df50:   0000000105d271a8 000070000e81e3f0
0x000070000e81df60:   000070000e81dfa0 0000000105aa9373
0x000070000e81df70:   0000000105d271a8 000070000e81e3f0
0x000070000e81df80:   000070000e81dfb0 000070000e81e5f0
0x000070000e81df90:   0000000000000000 00000000000000c2
0x000070000e81dfa0:   000070000e81e430 0000000105746751
0x000070000e81dfb0:   0000000105d271a8 0000000000000000
0x000070000e81dfc0:   0000000000000000 000000000000000c
0x000070000e81dfd0:   000070000e81e3f0 0000000000000000
0x000070000e81dfe0:   4fffffff4fffffff 000000004fffffff
0x000070000e81dff0:   0000000000000000 0000000000000000
0x000070000e81e000:   0000000000000000 0000000000000000
0x000070000e81e010:   0000000000000000 0000000000000000
0x000070000e81e020:   0000000000000000 0000000000000000
0x000070000e81e030:   0000000000000000 0000000000000000
0x000070000e81e040:   0000000000000000 0000000000000000
0x000070000e81e050:   0000000000000000 0000000000000000
0x000070000e81e060:   0000000000000000 0000000000000000
0x000070000e81e070:   0000000000000000 0000000000000000
0x000070000e81e080:   0000000000000000 0000000000000000
0x000070000e81e090:   0000000000000000 0000000000000000
0x000070000e81e0a0:   0000000000000000 0000000000000000
0x000070000e81e0b0:   0000000000000000 0000000000000000
0x000070000e81e0c0:   0000000000000000 0000000000000000
0x000070000e81e0d0:   0000000000000000 0000000000000000
0x000070000e81e0e0:   0000000000000000 0000000000000000
0x000070000e81e0f0:   0000000000000000 0000000000000000
0x000070000e81e100:   0000000000000000 0000000000000000
0x000070000e81e110:   0000000000000000 0000000000000000
0x000070000e81e120:   0000000000000000 0000000000000000
0x000070000e81e130:   0000000000000000 0000000000000000
0x000070000e81e140:   0000000000000000 0000000000000000 

Instructions: (pc=0x0000000105aa8e85)
0x0000000105aa8d85:   55 fe ff ff 8b 03 44 39 f0 7f 1c 48 98 49 63 ce
0x0000000105aa8d95:   48 ff c8 49 8b 17 48 8b 73 18 48 89 54 c6 08 48
0x0000000105aa8da5:   ff c0 48 39 c8 7c ec 41 8d 46 01 89 03 48 8b 43
0x0000000105aa8db5:   18 49 63 ce 48 8b 04 c8 48 83 c4 08 5b 41 5e 41
0x0000000105aa8dc5:   5f 5d c3 55 48 89 e5 39 d6 75 02 5d c3 48 8d 05
0x0000000105aa8dd5:   92 bf 2f 00 80 38 00 74 06 5d e9 b8 a7 a5 ff 5d
0x0000000105aa8de5:   e9 0a e3 a5 ff 80 3d af 06 2a 00 00 74 01 c3 55
0x0000000105aa8df5:   48 89 e5 48 83 ec 10 c7 04 24 00 00 00 00 48 8d
0x0000000105aa8e05:   3d 26 06 2a 00 48 8d 35 5f 0e ff ff ba 62 00 00
0x0000000105aa8e15:   00 b9 10 00 00 00 41 b8 4f 00 00 00 45 31 c9 e8
0x0000000105aa8e25:   4f a0 e8 ff 48 c7 05 6c 06 2a 00 01 00 00 00 48
0x0000000105aa8e35:   83 c4 10 5d c3 55 48 89 e5 48 8d 0d 23 61 1a 00
0x0000000105aa8e45:   b8 10 00 00 00 31 d2 f7 39 89 05 e4 3e 33 00 5d
0x0000000105aa8e55:   c3 90 90 55 48 89 e5 48 8d 05 65 07 29 00 48 89
0x0000000105aa8e65:   07 48 89 77 08 c7 47 14 00 00 00 00 5d c3 90 55
0x0000000105aa8e75:   48 89 e5 53 50 48 89 fb 48 8b 4b 08 48 63 43 10
0x0000000105aa8e85:   40 38 74 01 06 74 26 40 0f be ce 48 8d 3d 79 85
0x0000000105aa8e95:   17 00 48 8d 15 77 86 17 00 be 36 00 00 00 31 c0
0x0000000105aa8ea5:   e8 bf fa ba ff e8 1f 73 f7 ff 8b 43 10 ff c0 89
0x0000000105aa8eb5:   43 10 48 83 c4 08 5b 5d c3 55 48 89 e5 41 57 41
0x0000000105aa8ec5:   56 53 50 49 89 fe 49 8b 4e 08 49 63 76 10 0f be
0x0000000105aa8ed5:   44 31 06 83 c0 be 83 f8 19 77 74 4d 8d 7e 10 48
0x0000000105aa8ee5:   8d 15 f1 01 00 00 48 63 04 82 48 01 d0 ff e0 49
0x0000000105aa8ef5:   8b 06 4c 89 f7 ff 50 20 41 83 7e 14 00 0f 89 63
0x0000000105aa8f05:   01 00 00 41 c7 46 18 08 00 00 00 e9 56 01 00 00
0x0000000105aa8f15:   49 8b 06 4c 89 f7 ff 50 08 41 83 7e 14 00 0f 89
0x0000000105aa8f25:   42 01 00 00 41 c7 46 18 05 00 00 00 e9 35 01 00
0x0000000105aa8f35:   00 49 8b 06 4c 89 f7 ff 50 18 41 83 7e 14 00 0f
0x0000000105aa8f45:   89 84 00 00 00 41 c7 46 18 07 00 00 00 eb 7a 48
0x0000000105aa8f55:   8d 3d b5 84 17 00 be 6e 00 00 00 e8 df fb ba ff
0x0000000105aa8f65:   e8 64 72 f7 ff b8 ff ff ff ff e9 ff 00 00 00 49
0x0000000105aa8f75:   8b 06 4c 89 f7 ff 50 10 41 83 7e 14 00 0f 89 e3 


Stack slot to memory mapping:
stack at sp + 0 slots: 0x0000000105d271a8: _ZTV16ComputeCallStack+0x10 in /Library/Java/JavaVirtualMachines/jdk-13.0.2.jdk/Contents/Home/lib/server/libjvm.dylib at 0x0000000105400000
stack at sp + 1 slots: 0x000070000e81e3f0 is pointing into the stack for thread: 0x00007faa300fd800
stack at sp + 2 slots: 0x000070000e81dfa0 is pointing into the stack for thread: 0x00007faa300fd800
stack at sp + 3 slots: 0x0000000105aa9373: _ZN17SignatureIterator18iterate_returntypeEv+0x23 in /Library/Java/JavaVirtualMachines/jdk-13.0.2.jdk/Contents/Home/lib/server/libjvm.dylib at 0x0000000105400000
stack at sp + 4 slots: 0x0000000105d271a8: _ZTV16ComputeCallStack+0x10 in /Library/Java/JavaVirtualMachines/jdk-13.0.2.jdk/Contents/Home/lib/server/libjvm.dylib at 0x0000000105400000
stack at sp + 5 slots: 0x000070000e81e3f0 is pointing into the stack for thread: 0x00007faa300fd800
stack at sp + 6 slots: 0x000070000e81dfb0 is pointing into the stack for thread: 0x00007faa300fd800
stack at sp + 7 slots: 0x000070000e81e5f0 is pointing into the stack for thread: 0x00007faa300fd800


---------------  P R O C E S S  ---------------

Threads class SMR info:
_java_thread_list=0x00007faa2e7def40, length=13, elements={
0x00007faa30000800, 0x00007faa2e80a800, 0x00007faa2e80b800, 0x00007faa2e81e800,
0x00007faa2e81d800, 0x00007faa2e884000, 0x00007faa2e885000, 0x00007faa2e88f000,
0x00007faa300fd800, 0x00007faa2f828000, 0x00007faa2f828800, 0x00007faa2e81f800,
0x00007faa2f82d000
}

Java Threads: ( => current thread )
  0x00007faa30000800 JavaThread "main" [_thread_blocked, id=10499, stack(0x000070000d76c000,0x000070000d86c000)]
  0x00007faa2e80a800 JavaThread "Reference Handler" daemon [_thread_blocked, id=13827, stack(0x000070000de81000,0x000070000df81000)]
  0x00007faa2e80b800 JavaThread "Finalizer" daemon [_thread_blocked, id=17411, stack(0x000070000df84000,0x000070000e084000)]
  0x00007faa2e81e800 JavaThread "Signal Dispatcher" daemon [_thread_blocked, id=43267, stack(0x000070000e210000,0x000070000e310000)]
  0x00007faa2e81d800 JavaThread "C2 CompilerThread0" daemon [_thread_blocked, id=42499, stack(0x000070000e313000,0x000070000e413000)]
  0x00007faa2e884000 JavaThread "C1 CompilerThread0" daemon [_thread_blocked, id=41987, stack(0x000070000e416000,0x000070000e516000)]
  0x00007faa2e885000 JavaThread "Sweeper thread" daemon [_thread_blocked, id=22275, stack(0x000070000e519000,0x000070000e619000)]
  0x00007faa2e88f000 JavaThread "Common-Cleaner" daemon [_thread_blocked, id=22787, stack(0x000070000e61c000,0x000070000e71c000)]
=>0x00007faa300fd800 JavaThread "JDWP Transport Listener: dt_socket" daemon [_thread_in_vm, id=23299, stack(0x000070000e71f000,0x000070000e81f000)]
  0x00007faa2f828000 JavaThread "JDWP Event Helper Thread" daemon [_thread_blocked, id=23811, stack(0x000070000e822000,0x000070000e922000)]
  0x00007faa2f828800 JavaThread "JDWP Command Reader" daemon [_thread_in_native, id=24067, stack(0x000070000e925000,0x000070000ea25000)]
  0x00007faa2e81f800 JavaThread "Service Thread" daemon [_thread_blocked, id=39427, stack(0x000070000eb2b000,0x000070000ec2b000)]
  0x00007faa2f82d000 JavaThread "EMF Reference Cleaner" daemon [_thread_blocked, id=37891, stack(0x000070000ef37000,0x000070000f037000)]

Other Threads:
  0x00007faa2e80a000 VMThread "VM Thread" [stack: 0x000070000dd7e000,0x000070000de7e000] [id=13059]
  0x00007faa30100000 WatcherThread [stack: 0x000070000ec2e000,0x000070000ed2e000] [id=39171]
  0x00007faa30028000 GCTaskThread "GC Thread#0" [stack: 0x000070000d86f000,0x000070000d96f000] [id=20995]
  0x00007faa3017d000 GCTaskThread "GC Thread#1" [stack: 0x000070000ed31000,0x000070000ee31000] [id=25347]
  0x00007faa30159000 GCTaskThread "GC Thread#2" [stack: 0x000070000ee34000,0x000070000ef34000] [id=38403]
  0x00007faa30039800 ConcurrentGCThread "G1 Main Marker" [stack: 0x000070000d972000,0x000070000da72000] [id=20483]
  0x00007faa3003a000 ConcurrentGCThread "G1 Conc#0" [stack: 0x000070000da75000,0x000070000db75000] [id=19971]
  0x00007faa3008b000 ConcurrentGCThread "G1 Refine#0" [stack: 0x000070000db78000,0x000070000dc78000] [id=19459]
  0x00007faa3008b800 ConcurrentGCThread "G1 Young RemSet Sampling" [stack: 0x000070000dc7b000,0x000070000dd7b000] [id=12291]

Threads with active compile tasks:

VM state:not at safepoint (normal execution)

VM Mutex/Monitor currently owned by a thread: None

Heap address: 0x0000000780000000, size: 2048 MB, Compressed Oops mode: Zero based, Oop shift amount: 3
Narrow klass base: 0x0000000800000000, Narrow klass shift: 3
Compressed class space size: 1073741824 Address: 0x0000000800ae0000

Heap:
 garbage-first heap   total 133120K, used 13044K [0x0000000780000000, 0x0000000800000000)
  region size 1024K, 13 young (13312K), 4 survivors (4096K)
 Metaspace       used 11595K, capacity 12433K, committed 12800K, reserved 1060864K
  class space    used 1332K, capacity 1413K, committed 1536K, reserved 1048576K
Heap Regions: E=young(eden), S=young(survivor), O=old, HS=humongous(starts), HC=humongous(continues), CS=collection set, F=free, A=archive, TAMS=top-at-mark-start (previous, next)
|   0|0x0000000780000000, 0x0000000780000000, 0x0000000780100000|  0%| F|  |TAMS 0x0000000780000000, 0x0000000780000000| Untracked 
|   1|0x0000000780100000, 0x0000000780100000, 0x0000000780200000|  0%| F|  |TAMS 0x0000000780100000, 0x0000000780100000| Untracked 
|   2|0x0000000780200000, 0x0000000780200000, 0x0000000780300000|  0%| F|  |TAMS 0x0000000780200000, 0x0000000780200000| Untracked 
|   3|0x0000000780300000, 0x0000000780300000, 0x0000000780400000|  0%| F|  |TAMS 0x0000000780300000, 0x0000000780300000| Untracked 
|   4|0x0000000780400000, 0x0000000780400000, 0x0000000780500000|  0%| F|  |TAMS 0x0000000780400000, 0x0000000780400000| Untracked 
|   5|0x0000000780500000, 0x0000000780500000, 0x0000000780600000|  0%| F|  |TAMS 0x0000000780500000, 0x0000000780500000| Untracked 
|   6|0x0000000780600000, 0x0000000780600000, 0x0000000780700000|  0%| F|  |TAMS 0x0000000780600000, 0x0000000780600000| Untracked 
|   7|0x0000000780700000, 0x0000000780700000, 0x0000000780800000|  0%| F|  |TAMS 0x0000000780700000, 0x0000000780700000| Untracked 
|   8|0x0000000780800000, 0x0000000780800000, 0x0000000780900000|  0%| F|  |TAMS 0x0000000780800000, 0x0000000780800000| Untracked 
|   9|0x0000000780900000, 0x0000000780900000, 0x0000000780a00000|  0%| F|  |TAMS 0x0000000780900000, 0x0000000780900000| Untracked 
|  10|0x0000000780a00000, 0x0000000780a00000, 0x0000000780b00000|  0%| F|  |TAMS 0x0000000780a00000, 0x0000000780a00000| Untracked 
|  11|0x0000000780b00000, 0x0000000780b00000, 0x0000000780c00000|  0%| F|  |TAMS 0x0000000780b00000, 0x0000000780b00000| Untracked 
|  12|0x0000000780c00000, 0x0000000780c00000, 0x0000000780d00000|  0%| F|  |TAMS 0x0000000780c00000, 0x0000000780c00000| Untracked 
|  13|0x0000000780d00000, 0x0000000780d00000, 0x0000000780e00000|  0%| F|  |TAMS 0x0000000780d00000, 0x0000000780d00000| Untracked 
|  14|0x0000000780e00000, 0x0000000780e00000, 0x0000000780f00000|  0%| F|  |TAMS 0x0000000780e00000, 0x0000000780e00000| Untracked 
|  15|0x0000000780f00000, 0x0000000780f00000, 0x0000000781000000|  0%| F|  |TAMS 0x0000000780f00000, 0x0000000780f00000| Untracked 
|  16|0x0000000781000000, 0x0000000781000000, 0x0000000781100000|  0%| F|  |TAMS 0x0000000781000000, 0x0000000781000000| Untracked 
|  17|0x0000000781100000, 0x0000000781100000, 0x0000000781200000|  0%| F|  |TAMS 0x0000000781100000, 0x0000000781100000| Untracked 
|  18|0x0000000781200000, 0x0000000781200000, 0x0000000781300000|  0%| F|  |TAMS 0x0000000781200000, 0x0000000781200000| Untracked 
|  19|0x0000000781300000, 0x0000000781300000, 0x0000000781400000|  0%| F|  |TAMS 0x0000000781300000, 0x0000000781300000| Untracked 
|  20|0x0000000781400000, 0x0000000781400000, 0x0000000781500000|  0%| F|  |TAMS 0x0000000781400000, 0x0000000781400000| Untracked 
|  21|0x0000000781500000, 0x0000000781500000, 0x0000000781600000|  0%| F|  |TAMS 0x0000000781500000, 0x0000000781500000| Untracked 
|  22|0x0000000781600000, 0x0000000781600000, 0x0000000781700000|  0%| F|  |TAMS 0x0000000781600000, 0x0000000781600000| Untracked 
|  23|0x0000000781700000, 0x0000000781700000, 0x0000000781800000|  0%| F|  |TAMS 0x0000000781700000, 0x0000000781700000| Untracked 
|  24|0x0000000781800000, 0x0000000781800000, 0x0000000781900000|  0%| F|  |TAMS 0x0000000781800000, 0x0000000781800000| Untracked 
|  25|0x0000000781900000, 0x0000000781900000, 0x0000000781a00000|  0%| F|  |TAMS 0x0000000781900000, 0x0000000781900000| Untracked 
|  26|0x0000000781a00000, 0x0000000781a00000, 0x0000000781b00000|  0%| F|  |TAMS 0x0000000781a00000, 0x0000000781a00000| Untracked 
|  27|0x0000000781b00000, 0x0000000781b00000, 0x0000000781c00000|  0%| F|  |TAMS 0x0000000781b00000, 0x0000000781b00000| Untracked 
|  28|0x0000000781c00000, 0x0000000781c00000, 0x0000000781d00000|  0%| F|  |TAMS 0x0000000781c00000, 0x0000000781c00000| Untracked 
|  29|0x0000000781d00000, 0x0000000781d00000, 0x0000000781e00000|  0%| F|  |TAMS 0x0000000781d00000, 0x0000000781d00000| Untracked 
|  30|0x0000000781e00000, 0x0000000781e00000, 0x0000000781f00000|  0%| F|  |TAMS 0x0000000781e00000, 0x0000000781e00000| Untracked 
|  31|0x0000000781f00000, 0x0000000781f00000, 0x0000000782000000|  0%| F|  |TAMS 0x0000000781f00000, 0x0000000781f00000| Untracked 
|  32|0x0000000782000000, 0x0000000782000000, 0x0000000782100000|  0%| F|  |TAMS 0x0000000782000000, 0x0000000782000000| Untracked 
|  33|0x0000000782100000, 0x0000000782100000, 0x0000000782200000|  0%| F|  |TAMS 0x0000000782100000, 0x0000000782100000| Untracked 
|  34|0x0000000782200000, 0x0000000782200000, 0x0000000782300000|  0%| F|  |TAMS 0x0000000782200000, 0x0000000782200000| Untracked 
|  35|0x0000000782300000, 0x0000000782300000, 0x0000000782400000|  0%| F|  |TAMS 0x0000000782300000, 0x0000000782300000| Untracked 
|  36|0x0000000782400000, 0x0000000782400000, 0x0000000782500000|  0%| F|  |TAMS 0x0000000782400000, 0x0000000782400000| Untracked 
|  37|0x0000000782500000, 0x0000000782500000, 0x0000000782600000|  0%| F|  |TAMS 0x0000000782500000, 0x0000000782500000| Untracked 
|  38|0x0000000782600000, 0x0000000782600000, 0x0000000782700000|  0%| F|  |TAMS 0x0000000782600000, 0x0000000782600000| Untracked 
|  39|0x0000000782700000, 0x0000000782700000, 0x0000000782800000|  0%| F|  |TAMS 0x0000000782700000, 0x0000000782700000| Untracked 
|  40|0x0000000782800000, 0x0000000782800000, 0x0000000782900000|  0%| F|  |TAMS 0x0000000782800000, 0x0000000782800000| Untracked 
|  41|0x0000000782900000, 0x0000000782900000, 0x0000000782a00000|  0%| F|  |TAMS 0x0000000782900000, 0x0000000782900000| Untracked 
|  42|0x0000000782a00000, 0x0000000782a00000, 0x0000000782b00000|  0%| F|  |TAMS 0x0000000782a00000, 0x0000000782a00000| Untracked 
|  43|0x0000000782b00000, 0x0000000782b00000, 0x0000000782c00000|  0%| F|  |TAMS 0x0000000782b00000, 0x0000000782b00000| Untracked 
|  44|0x0000000782c00000, 0x0000000782c00000, 0x0000000782d00000|  0%| F|  |TAMS 0x0000000782c00000, 0x0000000782c00000| Untracked 
|  45|0x0000000782d00000, 0x0000000782d00000, 0x0000000782e00000|  0%| F|  |TAMS 0x0000000782d00000, 0x0000000782d00000| Untracked 
|  46|0x0000000782e00000, 0x0000000782e00000, 0x0000000782f00000|  0%| F|  |TAMS 0x0000000782e00000, 0x0000000782e00000| Untracked 
|  47|0x0000000782f00000, 0x0000000782f00000, 0x0000000783000000|  0%| F|  |TAMS 0x0000000782f00000, 0x0000000782f00000| Untracked 
|  48|0x0000000783000000, 0x00000007830ff0a8, 0x0000000783100000| 99%| S|CS|TAMS 0x0000000783000000, 0x0000000783000000| Complete 
|  49|0x0000000783100000, 0x0000000783200000, 0x0000000783200000|100%| S|CS|TAMS 0x0000000783100000, 0x0000000783100000| Complete 
|  50|0x0000000783200000, 0x0000000783300000, 0x0000000783300000|100%| S|CS|TAMS 0x0000000783200000, 0x0000000783200000| Complete 
|  51|0x0000000783300000, 0x0000000783400000, 0x0000000783400000|100%| S|CS|TAMS 0x0000000783300000, 0x0000000783300000| Complete 
|  52|0x0000000783400000, 0x0000000783400000, 0x0000000783500000|  0%| F|  |TAMS 0x0000000783400000, 0x0000000783400000| Untracked 
|  53|0x0000000783500000, 0x0000000783500000, 0x0000000783600000|  0%| F|  |TAMS 0x0000000783500000, 0x0000000783500000| Untracked 
|  54|0x0000000783600000, 0x0000000783600000, 0x0000000783700000|  0%| F|  |TAMS 0x0000000783600000, 0x0000000783600000| Untracked 
|  55|0x0000000783700000, 0x0000000783700000, 0x0000000783800000|  0%| F|  |TAMS 0x0000000783700000, 0x0000000783700000| Untracked 
|  56|0x0000000783800000, 0x0000000783800000, 0x0000000783900000|  0%| F|  |TAMS 0x0000000783800000, 0x0000000783800000| Untracked 
|  57|0x0000000783900000, 0x0000000783900000, 0x0000000783a00000|  0%| F|  |TAMS 0x0000000783900000, 0x0000000783900000| Untracked 
|  58|0x0000000783a00000, 0x0000000783a00000, 0x0000000783b00000|  0%| F|  |TAMS 0x0000000783a00000, 0x0000000783a00000| Untracked 
|  59|0x0000000783b00000, 0x0000000783b00000, 0x0000000783c00000|  0%| F|  |TAMS 0x0000000783b00000, 0x0000000783b00000| Untracked 
|  60|0x0000000783c00000, 0x0000000783c00000, 0x0000000783d00000|  0%| F|  |TAMS 0x0000000783c00000, 0x0000000783c00000| Untracked 
|  61|0x0000000783d00000, 0x0000000783d00000, 0x0000000783e00000|  0%| F|  |TAMS 0x0000000783d00000, 0x0000000783d00000| Untracked 
|  62|0x0000000783e00000, 0x0000000783e00000, 0x0000000783f00000|  0%| F|  |TAMS 0x0000000783e00000, 0x0000000783e00000| Untracked 
|  63|0x0000000783f00000, 0x0000000783f00000, 0x0000000784000000|  0%| F|  |TAMS 0x0000000783f00000, 0x0000000783f00000| Untracked 
|  64|0x0000000784000000, 0x0000000784000000, 0x0000000784100000|  0%| F|  |TAMS 0x0000000784000000, 0x0000000784000000| Untracked 
|  65|0x0000000784100000, 0x0000000784100000, 0x0000000784200000|  0%| F|  |TAMS 0x0000000784100000, 0x0000000784100000| Untracked 
|  66|0x0000000784200000, 0x0000000784200000, 0x0000000784300000|  0%| F|  |TAMS 0x0000000784200000, 0x0000000784200000| Untracked 
|  67|0x0000000784300000, 0x0000000784300000, 0x0000000784400000|  0%| F|  |TAMS 0x0000000784300000, 0x0000000784300000| Untracked 
|  68|0x0000000784400000, 0x0000000784400000, 0x0000000784500000|  0%| F|  |TAMS 0x0000000784400000, 0x0000000784400000| Untracked 
|  69|0x0000000784500000, 0x0000000784500000, 0x0000000784600000|  0%| F|  |TAMS 0x0000000784500000, 0x0000000784500000| Untracked 
|  70|0x0000000784600000, 0x0000000784600000, 0x0000000784700000|  0%| F|  |TAMS 0x0000000784600000, 0x0000000784600000| Untracked 
|  71|0x0000000784700000, 0x0000000784700000, 0x0000000784800000|  0%| F|  |TAMS 0x0000000784700000, 0x0000000784700000| Untracked 
|  72|0x0000000784800000, 0x0000000784800000, 0x0000000784900000|  0%| F|  |TAMS 0x0000000784800000, 0x0000000784800000| Untracked 
|  73|0x0000000784900000, 0x0000000784900000, 0x0000000784a00000|  0%| F|  |TAMS 0x0000000784900000, 0x0000000784900000| Untracked 
|  74|0x0000000784a00000, 0x0000000784a00000, 0x0000000784b00000|  0%| F|  |TAMS 0x0000000784a00000, 0x0000000784a00000| Untracked 
|  75|0x0000000784b00000, 0x0000000784b00000, 0x0000000784c00000|  0%| F|  |TAMS 0x0000000784b00000, 0x0000000784b00000| Untracked 
|  76|0x0000000784c00000, 0x0000000784c00000, 0x0000000784d00000|  0%| F|  |TAMS 0x0000000784c00000, 0x0000000784c00000| Untracked 
|  77|0x0000000784d00000, 0x0000000784d00000, 0x0000000784e00000|  0%| F|  |TAMS 0x0000000784d00000, 0x0000000784d00000| Untracked 
|  78|0x0000000784e00000, 0x0000000784e00000, 0x0000000784f00000|  0%| F|  |TAMS 0x0000000784e00000, 0x0000000784e00000| Untracked 
|  79|0x0000000784f00000, 0x0000000784f00000, 0x0000000785000000|  0%| F|  |TAMS 0x0000000784f00000, 0x0000000784f00000| Untracked 
|  80|0x0000000785000000, 0x0000000785000000, 0x0000000785100000|  0%| F|  |TAMS 0x0000000785000000, 0x0000000785000000| Untracked 
|  81|0x0000000785100000, 0x0000000785100000, 0x0000000785200000|  0%| F|  |TAMS 0x0000000785100000, 0x0000000785100000| Untracked 
|  82|0x0000000785200000, 0x0000000785200000, 0x0000000785300000|  0%| F|  |TAMS 0x0000000785200000, 0x0000000785200000| Untracked 
|  83|0x0000000785300000, 0x0000000785300000, 0x0000000785400000|  0%| F|  |TAMS 0x0000000785300000, 0x0000000785300000| Untracked 
|  84|0x0000000785400000, 0x0000000785400000, 0x0000000785500000|  0%| F|  |TAMS 0x0000000785400000, 0x0000000785400000| Untracked 
|  85|0x0000000785500000, 0x0000000785500000, 0x0000000785600000|  0%| F|  |TAMS 0x0000000785500000, 0x0000000785500000| Untracked 
|  86|0x0000000785600000, 0x0000000785600000, 0x0000000785700000|  0%| F|  |TAMS 0x0000000785600000, 0x0000000785600000| Untracked 
|  87|0x0000000785700000, 0x0000000785700000, 0x0000000785800000|  0%| F|  |TAMS 0x0000000785700000, 0x0000000785700000| Untracked 
|  88|0x0000000785800000, 0x0000000785800000, 0x0000000785900000|  0%| F|  |TAMS 0x0000000785800000, 0x0000000785800000| Untracked 
|  89|0x0000000785900000, 0x0000000785900000, 0x0000000785a00000|  0%| F|  |TAMS 0x0000000785900000, 0x0000000785900000| Untracked 
|  90|0x0000000785a00000, 0x0000000785a00000, 0x0000000785b00000|  0%| F|  |TAMS 0x0000000785a00000, 0x0000000785a00000| Untracked 
|  91|0x0000000785b00000, 0x0000000785b00000, 0x0000000785c00000|  0%| F|  |TAMS 0x0000000785b00000, 0x0000000785b00000| Untracked 
|  92|0x0000000785c00000, 0x0000000785c00000, 0x0000000785d00000|  0%| F|  |TAMS 0x0000000785c00000, 0x0000000785c00000| Untracked 
|  93|0x0000000785d00000, 0x0000000785d00000, 0x0000000785e00000|  0%| F|  |TAMS 0x0000000785d00000, 0x0000000785d00000| Untracked 
|  94|0x0000000785e00000, 0x0000000785e00000, 0x0000000785f00000|  0%| F|  |TAMS 0x0000000785e00000, 0x0000000785e00000| Untracked 
|  95|0x0000000785f00000, 0x0000000785f00000, 0x0000000786000000|  0%| F|  |TAMS 0x0000000785f00000, 0x0000000785f00000| Untracked 
|  96|0x0000000786000000, 0x0000000786000000, 0x0000000786100000|  0%| F|  |TAMS 0x0000000786000000, 0x0000000786000000| Untracked 
|  97|0x0000000786100000, 0x0000000786100000, 0x0000000786200000|  0%| F|  |TAMS 0x0000000786100000, 0x0000000786100000| Untracked 
|  98|0x0000000786200000, 0x0000000786200000, 0x0000000786300000|  0%| F|  |TAMS 0x0000000786200000, 0x0000000786200000| Untracked 
|  99|0x0000000786300000, 0x0000000786300000, 0x0000000786400000|  0%| F|  |TAMS 0x0000000786300000, 0x0000000786300000| Untracked 
| 100|0x0000000786400000, 0x0000000786400000, 0x0000000786500000|  0%| F|  |TAMS 0x0000000786400000, 0x0000000786400000| Untracked 
| 101|0x0000000786500000, 0x0000000786500000, 0x0000000786600000|  0%| F|  |TAMS 0x0000000786500000, 0x0000000786500000| Untracked 
| 102|0x0000000786600000, 0x0000000786600000, 0x0000000786700000|  0%| F|  |TAMS 0x0000000786600000, 0x0000000786600000| Untracked 
| 103|0x0000000786700000, 0x0000000786700000, 0x0000000786800000|  0%| F|  |TAMS 0x0000000786700000, 0x0000000786700000| Untracked 
| 104|0x0000000786800000, 0x0000000786800000, 0x0000000786900000|  0%| F|  |TAMS 0x0000000786800000, 0x0000000786800000| Untracked 
| 105|0x0000000786900000, 0x0000000786900000, 0x0000000786a00000|  0%| F|  |TAMS 0x0000000786900000, 0x0000000786900000| Untracked 
| 106|0x0000000786a00000, 0x0000000786a00000, 0x0000000786b00000|  0%| F|  |TAMS 0x0000000786a00000, 0x0000000786a00000| Untracked 
| 107|0x0000000786b00000, 0x0000000786b00000, 0x0000000786c00000|  0%| F|  |TAMS 0x0000000786b00000, 0x0000000786b00000| Untracked 
| 108|0x0000000786c00000, 0x0000000786c00000, 0x0000000786d00000|  0%| F|  |TAMS 0x0000000786c00000, 0x0000000786c00000| Untracked 
| 109|0x0000000786d00000, 0x0000000786d00000, 0x0000000786e00000|  0%| F|  |TAMS 0x0000000786d00000, 0x0000000786d00000| Untracked 
| 110|0x0000000786e00000, 0x0000000786e00000, 0x0000000786f00000|  0%| F|  |TAMS 0x0000000786e00000, 0x0000000786e00000| Untracked 
| 111|0x0000000786f00000, 0x0000000786f00000, 0x0000000787000000|  0%| F|  |TAMS 0x0000000786f00000, 0x0000000786f00000| Untracked 
| 112|0x0000000787000000, 0x0000000787000000, 0x0000000787100000|  0%| F|  |TAMS 0x0000000787000000, 0x0000000787000000| Untracked 
| 113|0x0000000787100000, 0x0000000787100000, 0x0000000787200000|  0%| F|  |TAMS 0x0000000787100000, 0x0000000787100000| Untracked 
| 114|0x0000000787200000, 0x0000000787200000, 0x0000000787300000|  0%| F|  |TAMS 0x0000000787200000, 0x0000000787200000| Untracked 
| 115|0x0000000787300000, 0x0000000787300000, 0x0000000787400000|  0%| F|  |TAMS 0x0000000787300000, 0x0000000787300000| Untracked 
| 116|0x0000000787400000, 0x0000000787400000, 0x0000000787500000|  0%| F|  |TAMS 0x0000000787400000, 0x0000000787400000| Untracked 
| 117|0x0000000787500000, 0x0000000787500000, 0x0000000787600000|  0%| F|  |TAMS 0x0000000787500000, 0x0000000787500000| Untracked 
| 118|0x0000000787600000, 0x0000000787600000, 0x0000000787700000|  0%| F|  |TAMS 0x0000000787600000, 0x0000000787600000| Untracked 
| 119|0x0000000787700000, 0x0000000787800000, 0x0000000787800000|100%| E|  |TAMS 0x0000000787700000, 0x0000000787700000| Complete 
| 120|0x0000000787800000, 0x0000000787900000, 0x0000000787900000|100%| E|CS|TAMS 0x0000000787800000, 0x0000000787800000| Complete 
| 121|0x0000000787900000, 0x0000000787a00000, 0x0000000787a00000|100%| E|CS|TAMS 0x0000000787900000, 0x0000000787900000| Complete 
| 122|0x0000000787a00000, 0x0000000787b00000, 0x0000000787b00000|100%| E|CS|TAMS 0x0000000787a00000, 0x0000000787a00000| Complete 
| 123|0x0000000787b00000, 0x0000000787c00000, 0x0000000787c00000|100%| E|CS|TAMS 0x0000000787b00000, 0x0000000787b00000| Complete 
| 124|0x0000000787c00000, 0x0000000787d00000, 0x0000000787d00000|100%| E|CS|TAMS 0x0000000787c00000, 0x0000000787c00000| Complete 
| 125|0x0000000787d00000, 0x0000000787e00000, 0x0000000787e00000|100%| E|CS|TAMS 0x0000000787d00000, 0x0000000787d00000| Complete 
| 126|0x0000000787e00000, 0x0000000787f00000, 0x0000000787f00000|100%| E|CS|TAMS 0x0000000787e00000, 0x0000000787e00000| Complete 
| 127|0x0000000787f00000, 0x0000000788000000, 0x0000000788000000|100%| E|CS|TAMS 0x0000000787f00000, 0x0000000787f00000| Complete 
|1022|0x00000007bfe00000, 0x00000007bfe47000, 0x00000007bff00000| 27%|OA|  |TAMS 0x00000007bfe00000, 0x00000007bfe00000| Untracked 
|1023|0x00000007bff00000, 0x00000007bff77000, 0x00000007c0000000| 46%|CA|  |TAMS 0x00000007bff00000, 0x00000007bff00000| Untracked 

Card table byte_map: [0x0000000106c2c000,0x000000010702c000] _byte_map_base: 0x000000010302c000

Marking Bits (Prev, Next): (CMBitMap*) 0x00007faa30028c18, (CMBitMap*) 0x00007faa30028c58
 Prev Bits: [0x000000010742c000, 0x000000010942c000)
 Next Bits: [0x0000000122a09000, 0x0000000124a09000)

Polling page: 0x0000000104b98000

Metaspace:

Usage:
  Non-class:     10.76 MB capacity,    10.02 MB ( 93%) used,   744.17 KB (  7%) free+waste,    13.56 KB ( <1%) overhead. 
      Class:      1.38 MB capacity,     1.30 MB ( 94%) used,    74.31 KB (  5%) free+waste,     5.88 KB ( <1%) overhead. 
       Both:     12.14 MB capacity,    11.32 MB ( 93%) used,   818.48 KB (  7%) free+waste,    19.44 KB ( <1%) overhead. 

Virtual space:
  Non-class space:       12.00 MB reserved,      11.00 MB ( 92%) committed 
      Class space:        1.00 GB reserved,       1.50 MB ( <1%) committed 
             Both:        1.01 GB reserved,      12.50 MB (  1%) committed 

Chunk freelists:
   Non-Class:  104.00 KB
       Class:  27.00 KB
        Both:  131.00 KB

MaxMetaspaceSize: unlimited
CompressedClassSpaceSize: 1.00 GB

CodeHeap 'non-profiled nmethods': size=120032Kb used=743Kb max_used=743Kb free=119288Kb
 bounds [0x000000011b4d1000, 0x000000011b741000, 0x0000000122a09000]
CodeHeap 'profiled nmethods': size=120028Kb used=3450Kb max_used=3450Kb free=116577Kb
 bounds [0x0000000113f9a000, 0x00000001142fa000, 0x000000011b4d1000]
CodeHeap 'non-nmethods': size=5700Kb used=1277Kb max_used=1368Kb free=4422Kb
 bounds [0x0000000113a09000, 0x0000000113c79000, 0x0000000113f9a000]
 total_blobs=2295 nmethods=1510 adapters=381
 compilation: enabled
              stopped_count=0, restarted_count=0
 full_count=0

Compilation events (20 events):
Event: 1.989 Thread 0x00007faa2e8a0800 nmethod 1418 0x000000011b56ab90 code [0x000000011b56ad40, 0x000000011b56b788]
Event: 1.989 Thread 0x00007faa2e8a0800 1139       4       org.eclipse.jdt.launching.internal.org.objectweb.asm.Attribute::computeAttributesSize (62 bytes)
Event: 1.994 Thread 0x00007faa2e8a0800 nmethod 1139 0x000000011b56bb90 code [0x000000011b56bd40, 0x000000011b56bed8]
Event: 1.994 Thread 0x00007faa2e8a0800 1140       4       org.eclipse.jdt.launching.internal.org.objectweb.asm.AnnotationWriter::computeAnnotationsSize (66 bytes)
Event: 1.998 Thread 0x00007faa2e8a0800 nmethod 1140 0x000000011b56c090 code [0x000000011b56c220, 0x000000011b56c408]
Event: 1.998 Thread 0x00007faa2e8a0800 1141       4       org.eclipse.jdt.launching.internal.org.objectweb.asm.Attribute::putAttributes (78 bytes)
Event: 2.045 Thread 0x00007faa2e8a0800 nmethod 1141 0x000000011b56c610 code [0x000000011b56c820, 0x000000011b56de30]
Event: 2.045 Thread 0x00007faa2e8a0800 1067       4       java.lang.String::substring (58 bytes)
Event: 2.053 Thread 0x00007faa2e8a0800 nmethod 1067 0x000000011b56e610 code [0x000000011b56e7a0, 0x000000011b56ed38]
Event: 2.053 Thread 0x00007faa2e8a0800 1035       4       java.lang.CharacterDataLatin1::toLowerCase (39 bytes)
Event: 2.068 Thread 0x00007faa2e8a0800 nmethod 1035 0x000000011b56f090 code [0x000000011b56f200, 0x000000011b56f2f8]
Event: 2.068 Thread 0x00007faa2e8a0800 1062       4       java.util.HashMap::get (23 bytes)
Event: 2.080 Thread 0x00007faa2e8a0800 nmethod 1062 0x000000011b56f410 code [0x000000011b56f5a0, 0x000000011b56f8b8]
Event: 2.080 Thread 0x00007faa2e8a0800 1132       4       org.eclipse.jdt.launching.internal.org.objectweb.asm.ByteVector::put11 (52 bytes)
Event: 2.087 Thread 0x00007faa2e8a0800 nmethod 1132 0x000000011b56fb10 code [0x000000011b56fca0, 0x000000011b5702d8]
Event: 2.087 Thread 0x00007faa2e8a0800 1420   !   4       java.util.jar.JarFile::checkForSpecialAttributes (163 bytes)
Event: 2.099 Thread 0x00007faa2e8a0800 nmethod 1420 0x000000011b570490 code [0x000000011b570660, 0x000000011b570bf0]
Event: 2.118 Thread 0x00007faa2e81d800 nmethod 634 0x000000011b570e10 code [0x000000011b5715e0, 0x000000011b580f48]
Event: 644.211 Thread 0x00007faa2e81d800 1518       4       org.eclipse.jdt.launching.internal.org.objectweb.asm.ClassReader::readClass (7 bytes)
Event: 644.254 Thread 0x00007faa2e81d800 nmethod 1518 0x000000011b58a510 code [0x000000011b58a6c0, 0x000000011b58aba8]

GC Heap History (4 events):
Event: 0.559 GC heap before
{Heap before GC invocations=0 (full 0):
 garbage-first heap   total 133120K, used 14072K [0x0000000780000000, 0x0000000800000000)
  region size 1024K, 14 young (14336K), 0 survivors (0K)
 Metaspace       used 3288K, capacity 5327K, committed 5376K, reserved 1056768K
  class space    used 299K, capacity 475K, committed 512K, reserved 1048576K
}
Event: 0.570 GC heap after
{Heap after GC invocations=1 (full 0):
 garbage-first heap   total 133120K, used 2805K [0x0000000780000000, 0x0000000800000000)
  region size 1024K, 2 young (2048K), 2 survivors (2048K)
 Metaspace       used 3288K, capacity 5327K, committed 5376K, reserved 1056768K
  class space    used 299K, capacity 475K, committed 512K, reserved 1048576K
}
Event: 1.743 GC heap before
{Heap before GC invocations=1 (full 0):
 garbage-first heap   total 133120K, used 78581K [0x0000000780000000, 0x0000000800000000)
  region size 1024K, 76 young (77824K), 2 survivors (2048K)
 Metaspace       used 10336K, capacity 11596K, committed 11904K, reserved 1060864K
  class space    used 1183K, capacity 1306K, committed 1408K, reserved 1048576K
}
Event: 1.753 GC heap after
{Heap after GC invocations=2 (full 0):
 garbage-first heap   total 133120K, used 4852K [0x0000000780000000, 0x0000000800000000)
  region size 1024K, 4 young (4096K), 4 survivors (4096K)
 Metaspace       used 10336K, capacity 11596K, committed 11904K, reserved 1060864K
  class space    used 1183K, capacity 1306K, committed 1408K, reserved 1048576K
}

Deoptimization events (20 events):
Event: 1.689 Thread 0x00007faa30000800 DEOPT PACKING pc=0x0000000114127504 sp=0x000070000d869ae0
Event: 1.689 Thread 0x00007faa30000800 DEOPT UNPACKING pc=0x0000000113a5233a sp=0x000070000d868fb8 mode 1
Event: 1.690 Thread 0x00007faa30000800 DEOPT PACKING pc=0x0000000114127b19 sp=0x000070000d86a240
Event: 1.690 Thread 0x00007faa30000800 DEOPT UNPACKING pc=0x0000000113a5233a sp=0x000070000d869708 mode 1
Event: 1.690 Thread 0x00007faa30000800 DEOPT PACKING pc=0x0000000114127504 sp=0x000070000d86a2a0
Event: 1.690 Thread 0x00007faa30000800 DEOPT UNPACKING pc=0x0000000113a5233a sp=0x000070000d869778 mode 1
Event: 1.773 Thread 0x00007faa30000800 DEOPT PACKING pc=0x00000001140d5f54 sp=0x000070000d86a2d0
Event: 1.773 Thread 0x00007faa30000800 DEOPT UNPACKING pc=0x0000000113a5233a sp=0x000070000d869848 mode 0
Event: 1.775 Thread 0x00007faa30000800 DEOPT PACKING pc=0x0000000114107a39 sp=0x000070000d868960
Event: 1.776 Thread 0x00007faa30000800 DEOPT UNPACKING pc=0x0000000113a5233a sp=0x000070000d867ed0 mode 0
Event: 1.787 Thread 0x00007faa30000800 Uncommon trap: trap_request=0xffffffc6 fr.pc=0x000000011b54297c relative=0x00000000000004bc
Event: 1.787 Thread 0x00007faa30000800 Uncommon trap: reason=bimorphic_or_optimized_type_check action=maybe_recompile pc=0x000000011b54297c method=java.util.HashMap.getNode(ILjava/lang/Object;)Ljava/util/HashMap$Node; @ 126 c2
Event: 1.787 Thread 0x00007faa30000800 DEOPT PACKING pc=0x000000011b54297c sp=0x000070000d8699a0
Event: 1.787 Thread 0x00007faa30000800 DEOPT UNPACKING pc=0x0000000113a51e25 sp=0x000070000d869958 mode 2
Event: 1.787 Thread 0x00007faa30000800 Uncommon trap: trap_request=0xffffff45 fr.pc=0x000000011b542944 relative=0x0000000000000484
Event: 1.787 Thread 0x00007faa30000800 Uncommon trap: reason=unstable_if action=reinterpret pc=0x000000011b542944 method=java.util.HashMap.getNode(ILjava/lang/Object;)Ljava/util/HashMap$Node; @ 62 c2
Event: 1.787 Thread 0x00007faa30000800 DEOPT PACKING pc=0x000000011b542944 sp=0x000070000d8699a0
Event: 1.787 Thread 0x00007faa30000800 DEOPT UNPACKING pc=0x0000000113a51e25 sp=0x000070000d869960 mode 2
Event: 1.885 Thread 0x00007faa30000800 DEOPT PACKING pc=0x0000000114107a39 sp=0x000070000d867780
Event: 1.885 Thread 0x00007faa30000800 DEOPT UNPACKING pc=0x0000000113a5233a sp=0x000070000d866cf0 mode 0

Classes unloaded (0 events):
No events

Classes redefined (2 events):
Event: 644.225 Thread 0x00007faa2e80a000 redefined class name=smar2t.ModelToJSON, count=1
Event: 986.077 Thread 0x00007faa2e80a000 redefined class name=smar2t.ModelToJSON, count=2

Internal exceptions (1 events):
Event: 1.033 Thread 0x00007faa30000800 Exception <a 'java/lang/NoSuchMethodError'{0x0000000785916238}: 'java.lang.Object java.lang.invoke.DirectMethodHandle$Holder.invokeStaticInit(java.lang.Object, java.lang.Object, java.lang.Object)'> (0x0000000785916238) 
thrown [/scratch/mesos/slaves/d65fa3d4-10de-46aa-a2db-52cc9981537a-S157/frameworks/1735e8a2-a1db-478c-8104-60c8b0af87dd-0196/executors/cd04c109-7866-4c89-a9cb-580d1b4b0057/runs/bdf96710-70fa-465f-a6db-19a171d6559f/workspace/open/src/hotspot/share/interpreter/linkResolver.cpp, line 767]

Events (20 events):
Event: 986.103 Executing VM operation: ChangeBreakpoints
Event: 986.104 Executing VM operation: ChangeBreakpoints done
Event: 986.107 Executing VM operation: GetFrameCount
Event: 986.107 Executing VM operation: GetFrameCount done
Event: 986.107 Executing VM operation: GetStackTrace
Event: 986.107 Executing VM operation: GetStackTrace done
Event: 986.184 Executing VM operation: GetFrameCount
Event: 986.184 Executing VM operation: GetFrameCount done
Event: 986.185 Executing VM operation: GetOwnedMonitorInfo
Event: 986.185 Executing VM operation: GetOwnedMonitorInfo done
Event: 986.186 Executing VM operation: GetCurrentContendedMonitor
Event: 986.186 Executing VM operation: GetCurrentContendedMonitor done
Event: 994.875 Executing VM operation: GetCurrentContendedMonitor
Event: 994.875 Executing VM operation: GetCurrentContendedMonitor done
Event: 994.875 Executing VM operation: GetOwnedMonitorInfo
Event: 994.875 Executing VM operation: GetOwnedMonitorInfo done
Event: 996.481 Executing VM operation: GetCurrentContendedMonitor
Event: 996.481 Executing VM operation: GetCurrentContendedMonitor done
Event: 996.481 Executing VM operation: GetOwnedMonitorInfo
Event: 996.481 Executing VM operation: GetOwnedMonitorInfo done


Dynamic libraries:
0x00007fff6e51d000 	/usr/lib/libz.1.dylib
0x0000000104b30000 	/Library/Java/JavaVirtualMachines/jdk-13.0.2.jdk/Contents/Home/lib/libjli.dylib
0x00007fff3691e000 	/System/Library/Frameworks/Cocoa.framework/Versions/A/Cocoa
0x00007fff4424f000 	/System/Library/Frameworks/Security.framework/Versions/A/Security
0x00007fff358dd000 	/System/Library/Frameworks/ApplicationServices.framework/Versions/A/ApplicationServices
0x00007fff6c034000 	/usr/lib/libSystem.B.dylib
0x00007fff6ef8d000 	/usr/lib/system/libcache.dylib
0x00007fff6ef93000 	/usr/lib/system/libcommonCrypto.dylib
0x00007fff6ef9f000 	/usr/lib/system/libcompiler_rt.dylib
0x00007fff6efa7000 	/usr/lib/system/libcopyfile.dylib
0x00007fff6efb1000 	/usr/lib/system/libcorecrypto.dylib
0x00007fff6f15f000 	/usr/lib/system/libdispatch.dylib
0x00007fff6f1a1000 	/usr/lib/system/libdyld.dylib
0x00007fff6f1d7000 	/usr/lib/system/libkeymgr.dylib
0x00007fff6f1e5000 	/usr/lib/system/liblaunch.dylib
0x00007fff6f1e6000 	/usr/lib/system/libmacho.dylib
0x00007fff6f1ec000 	/usr/lib/system/libquarantine.dylib
0x00007fff6f1ef000 	/usr/lib/system/libremovefile.dylib
0x00007fff6f1f1000 	/usr/lib/system/libsystem_asl.dylib
0x00007fff6f209000 	/usr/lib/system/libsystem_blocks.dylib
0x00007fff6f20a000 	/usr/lib/system/libsystem_c.dylib
0x00007fff6f292000 	/usr/lib/system/libsystem_configuration.dylib
0x00007fff6f296000 	/usr/lib/system/libsystem_coreservices.dylib
0x00007fff6f29a000 	/usr/lib/system/libsystem_darwin.dylib
0x00007fff6f2a2000 	/usr/lib/system/libsystem_dnssd.dylib
0x00007fff6f2aa000 	/usr/lib/system/libsystem_featureflags.dylib
0x00007fff6f2ac000 	/usr/lib/system/libsystem_info.dylib
0x00007fff6f327000 	/usr/lib/system/libsystem_m.dylib
0x00007fff6f36f000 	/usr/lib/system/libsystem_malloc.dylib
0x00007fff6f397000 	/usr/lib/system/libsystem_networkextension.dylib
0x00007fff6f3a5000 	/usr/lib/system/libsystem_notify.dylib
0x00007fff6f3c4000 	/usr/lib/system/libsystem_sandbox.dylib
0x00007fff6f3c9000 	/usr/lib/system/libsystem_secinit.dylib
0x00007fff6f2fa000 	/usr/lib/system/libsystem_kernel.dylib
0x00007fff6f3af000 	/usr/lib/system/libsystem_platform.dylib
0x00007fff6f3b9000 	/usr/lib/system/libsystem_pthread.dylib
0x00007fff6f3cc000 	/usr/lib/system/libsystem_symptoms.dylib
0x00007fff6f3d4000 	/usr/lib/system/libsystem_trace.dylib
0x00007fff6f3ec000 	/usr/lib/system/libunwind.dylib
0x00007fff6f3f2000 	/usr/lib/system/libxpc.dylib
0x00007fff6de4a000 	/usr/lib/libobjc.A.dylib
0x00007fff6c369000 	/usr/lib/libc++abi.dylib
0x00007fff6c315000 	/usr/lib/libc++.1.dylib
0x00007fff37866000 	/System/Library/Frameworks/CoreFoundation.framework/Versions/A/CoreFoundation
0x00007fff39f9a000 	/System/Library/Frameworks/Foundation.framework/Versions/C/Foundation
0x00007fff34aea000 	/System/Library/Frameworks/AppKit.framework/Versions/C/AppKit
0x00007fff37397000 	/System/Library/Frameworks/CoreData.framework/Versions/A/CoreData
0x00007fff685df000 	/System/Library/PrivateFrameworks/UIFoundation.framework/Versions/A/UIFoundation
0x00007fff6277f000 	/System/Library/PrivateFrameworks/RemoteViewServices.framework/Versions/A/RemoteViewServices
0x00007fff6afe0000 	/System/Library/PrivateFrameworks/XCTTargetBootstrap.framework/Versions/A/XCTTargetBootstrap
0x00007fff37760000 	/System/Library/Frameworks/CoreDisplay.framework/Versions/A/CoreDisplay
0x00007fff3d03b000 	/System/Library/Frameworks/Metal.framework/Versions/A/Metal
0x00007fff51094000 	/System/Library/PrivateFrameworks/DesktopServicesPriv.framework/Versions/A/DesktopServicesPriv
0x00007fff6d147000 	/usr/lib/liblangid.dylib
0x00007fff501fd000 	/System/Library/PrivateFrameworks/CoreSVG.framework/Versions/A/CoreSVG
0x00007fff6548c000 	/System/Library/PrivateFrameworks/SkyLight.framework/Versions/A/SkyLight
0x00007fff37ce5000 	/System/Library/Frameworks/CoreGraphics.framework/Versions/A/CoreGraphics
0x00007fff33691000 	/System/Library/Frameworks/Accelerate.framework/Versions/A/Accelerate
0x00007fff6e40e000 	/usr/lib/libxml2.2.dylib
0x00007fff5bb66000 	/System/Library/PrivateFrameworks/IconServices.framework/Versions/A/IconServices
0x00007fff3a751000 	/System/Library/Frameworks/IOSurface.framework/Versions/A/IOSurface
0x00007fff6bb6d000 	/usr/lib/libDiagnosticMessagesClient.dylib
0x00007fff50f10000 	/System/Library/PrivateFrameworks/DFRFoundation.framework/Versions/A/DFRFoundation
0x00007fff6ced5000 	/usr/lib/libicucore.A.dylib
0x00007fff35c0f000 	/System/Library/Frameworks/AudioToolbox.framework/Versions/A/AudioToolbox
0x00007fff35cde000 	/System/Library/Frameworks/AudioUnit.framework/Versions/A/AudioUnit
0x00007fff6c236000 	/usr/lib/libauto.dylib
0x00007fff50f8e000 	/System/Library/PrivateFrameworks/DataDetectorsCore.framework/Versions/A/DataDetectorsCore
0x00007fff36442000 	/System/Library/Frameworks/Carbon.framework/Versions/A/Frameworks/HIToolbox.framework/Versions/A/HIToolbox
0x00007fff43452000 	/System/Library/Frameworks/QuartzCore.framework/Versions/A/QuartzCore
0x00007fff36781000 	/System/Library/Frameworks/Carbon.framework/Versions/A/Frameworks/SpeechRecognition.framework/Versions/A/SpeechRecognition
0x00007fff50896000 	/System/Library/PrivateFrameworks/CoreUI.framework/Versions/A/CoreUI
0x00007fff36dfd000 	/System/Library/Frameworks/CoreAudio.framework/Versions/A/CoreAudio
0x00007fff39c6e000 	/System/Library/Frameworks/DiskArbitration.framework/Versions/A/DiskArbitration
0x00007fff5db3c000 	/System/Library/PrivateFrameworks/MultitouchSupport.framework/Versions/A/MultitouchSupport
0x00007fff6cda1000 	/usr/lib/libenergytrace.dylib
0x00007fff3a6ac000 	/System/Library/Frameworks/IOKit.framework/Versions/A/IOKit
0x00007fff38cd4000 	/System/Library/Frameworks/CoreServices.framework/Versions/A/CoreServices
0x00007fff5fab8000 	/System/Library/PrivateFrameworks/PerformanceAnalysis.framework/Versions/A/PerformanceAnalysis
0x00007fff424b8000 	/System/Library/Frameworks/OpenGL.framework/Versions/A/OpenGL
0x00007fff3692c000 	/System/Library/Frameworks/ColorSync.framework/Versions/A/ColorSync
0x00007fff3836b000 	/System/Library/Frameworks/CoreImage.framework/Versions/A/CoreImage
0x00007fff39744000 	/System/Library/Frameworks/CoreText.framework/Versions/A/CoreText
0x00007fff3a7d4000 	/System/Library/Frameworks/ImageIO.framework/Versions/A/ImageIO
0x00007fff6c391000 	/usr/lib/libcompression.dylib
0x00007fff6beae000 	/usr/lib/libMobileGestalt.dylib
0x00007fff66f90000 	/System/Library/PrivateFrameworks/TextureIO.framework/Versions/A/TextureIO
0x00007fff6c19c000 	/usr/lib/libate.dylib
0x00007fff5bd6c000 	/System/Library/PrivateFrameworks/InternationalSupport.framework/Versions/A/InternationalSupport
0x00007fff6d149000 	/usr/lib/liblzma.5.dylib
0x00007fff6cdc9000 	/usr/lib/libfakelink.dylib
0x00007fff6c129000 	/usr/lib/libarchive.2.dylib
0x00007fff4539a000 	/System/Library/Frameworks/SystemConfiguration.framework/Versions/A/SystemConfiguration
0x00007fff6ba9e000 	/usr/lib/libCRFSuite.dylib
0x00007fff36054000 	/System/Library/Frameworks/CFNetwork.framework/Versions/A/CFNetwork
0x00007fff6c2f7000 	/usr/lib/libbsm.0.dylib
0x00007fff6f1d8000 	/usr/lib/system/libkxld.dylib
0x00007fff4ae2b000 	/System/Library/PrivateFrameworks/AppleFSCompression.framework/Versions/A/AppleFSCompression
0x00007fff6c662000 	/usr/lib/libcoretls.dylib
0x00007fff6c679000 	/usr/lib/libcoretls_cfhelpers.dylib
0x00007fff6de8e000 	/usr/lib/libpam.2.dylib
0x00007fff6dfbd000 	/usr/lib/libsqlite3.dylib
0x00007fff6e3fc000 	/usr/lib/libxar.1.dylib
0x00007fff6c308000 	/usr/lib/libbz2.1.0.dylib
0x00007fff6cde4000 	/usr/lib/libiconv.2.dylib
0x00007fff6c37e000 	/usr/lib/libcharset.1.dylib
0x00007fff6d93e000 	/usr/lib/libnetwork.dylib
0x00007fff6de95000 	/usr/lib/libpcap.A.dylib
0x00007fff6c0de000 	/usr/lib/libapple_nghttp2.dylib
0x00007fff39087000 	/System/Library/Frameworks/CoreServices.framework/Versions/A/Frameworks/FSEvents.framework/Versions/A/FSEvents
0x00007fff38d58000 	/System/Library/Frameworks/CoreServices.framework/Versions/A/Frameworks/CarbonCore.framework/Versions/A/CarbonCore
0x00007fff392c5000 	/System/Library/Frameworks/CoreServices.framework/Versions/A/Frameworks/Metadata.framework/Versions/A/Metadata
0x00007fff3935e000 	/System/Library/Frameworks/CoreServices.framework/Versions/A/Frameworks/OSServices.framework/Versions/A/OSServices
0x00007fff3938c000 	/System/Library/Frameworks/CoreServices.framework/Versions/A/Frameworks/SearchKit.framework/Versions/A/SearchKit
0x00007fff38cd5000 	/System/Library/Frameworks/CoreServices.framework/Versions/A/Frameworks/AE.framework/Versions/A/AE
0x00007fff39090000 	/System/Library/Frameworks/CoreServices.framework/Versions/A/Frameworks/LaunchServices.framework/Versions/A/LaunchServices
0x00007fff3903a000 	/System/Library/Frameworks/CoreServices.framework/Versions/A/Frameworks/DictionaryServices.framework/Versions/A/DictionaryServices
0x00007fff393f4000 	/System/Library/Frameworks/CoreServices.framework/Versions/A/Frameworks/SharedFileList.framework/Versions/A/SharedFileList
0x00007fff3e30f000 	/System/Library/Frameworks/NetFS.framework/Versions/A/NetFS
0x00007fff5dfd6000 	/System/Library/PrivateFrameworks/NetAuth.framework/Versions/A/NetAuth
0x00007fff6b730000 	/System/Library/PrivateFrameworks/login.framework/Versions/A/Frameworks/loginsupport.framework/Versions/A/loginsupport
0x00007fff66a9b000 	/System/Library/PrivateFrameworks/TCC.framework/Versions/A/TCC
0x00007fff4f5dd000 	/System/Library/PrivateFrameworks/CoreNLP.framework/Versions/A/CoreNLP
0x00007fff5d585000 	/System/Library/PrivateFrameworks/MetadataUtilities.framework/Versions/A/MetadataUtilities
0x00007fff6d220000 	/usr/lib/libmecabra.dylib
0x00007fff6d178000 	/usr/lib/libmecab.dylib
0x00007fff6cdd9000 	/usr/lib/libgermantok.dylib
0x00007fff6c0c5000 	/usr/lib/libThaiTokenizer.dylib
0x00007fff6bad6000 	/usr/lib/libChineseTokenizer.dylib
0x00007fff336a9000 	/System/Library/Frameworks/Accelerate.framework/Versions/A/Frameworks/vImage.framework/Versions/A/vImage
0x00007fff34949000 	/System/Library/Frameworks/Accelerate.framework/Versions/A/Frameworks/vecLib.framework/Versions/A/vecLib
0x00007fff3488d000 	/System/Library/Frameworks/Accelerate.framework/Versions/A/Frameworks/vecLib.framework/Versions/A/libvMisc.dylib
0x00007fff346b3000 	/System/Library/Frameworks/Accelerate.framework/Versions/A/Frameworks/vecLib.framework/Versions/A/libvDSP.dylib
0x00007fff33d15000 	/System/Library/Frameworks/Accelerate.framework/Versions/A/Frameworks/vecLib.framework/Versions/A/libBLAS.dylib
0x00007fff3426d000 	/System/Library/Frameworks/Accelerate.framework/Versions/A/Frameworks/vecLib.framework/Versions/A/libLAPACK.dylib
0x00007fff34613000 	/System/Library/Frameworks/Accelerate.framework/Versions/A/Frameworks/vecLib.framework/Versions/A/libLinearAlgebra.dylib
0x00007fff346a0000 	/System/Library/Frameworks/Accelerate.framework/Versions/A/Frameworks/vecLib.framework/Versions/A/libSparseBLAS.dylib
0x00007fff34629000 	/System/Library/Frameworks/Accelerate.framework/Versions/A/Frameworks/vecLib.framework/Versions/A/libQuadrature.dylib
0x00007fff33f7e000 	/System/Library/Frameworks/Accelerate.framework/Versions/A/Frameworks/vecLib.framework/Versions/A/libBNNS.dylib
0x00007fff3462f000 	/System/Library/Frameworks/Accelerate.framework/Versions/A/Frameworks/vecLib.framework/Versions/A/libSparse.dylib
0x00007fff5c129000 	/System/Library/PrivateFrameworks/LanguageModeling.framework/Versions/A/LanguageModeling
0x00007fff4ef86000 	/System/Library/PrivateFrameworks/CoreEmoji.framework/Versions/A/CoreEmoji
0x00007fff5c246000 	/System/Library/PrivateFrameworks/LinguisticData.framework/Versions/A/LinguisticData
0x00007fff5c1f7000 	/System/Library/PrivateFrameworks/Lexicon.framework/Versions/A/Lexicon
0x00007fff6c37f000 	/usr/lib/libcmph.dylib
0x00007fff40ede000 	/System/Library/Frameworks/OpenDirectory.framework/Versions/A/Frameworks/CFOpenDirectory.framework/Versions/A/CFOpenDirectory
0x00007fff40efb000 	/System/Library/Frameworks/OpenDirectory.framework/Versions/A/OpenDirectory
0x00007fff491b8000 	/System/Library/PrivateFrameworks/APFS.framework/Versions/A/APFS
0x00007fff44593000 	/System/Library/Frameworks/SecurityFoundation.framework/Versions/A/SecurityFoundation
0x00007fff6e3f8000 	/usr/lib/libutil.dylib
0x00007fff50254000 	/System/Library/PrivateFrameworks/CoreServicesStore.framework/Versions/A/CoreServicesStore
0x00007fff4464a000 	/System/Library/Frameworks/ServiceManagement.framework/Versions/A/ServiceManagement
0x00007fff4c5ad000 	/System/Library/PrivateFrameworks/BackgroundTaskManagement.framework/Versions/A/BackgroundTaskManagement
0x00007fff6e4f4000 	/usr/lib/libxslt.1.dylib
0x00007fff4b484000 	/System/Library/PrivateFrameworks/AppleSystemInfo.framework/Versions/A/AppleSystemInfo
0x00007fff3a9ec000 	/System/Library/Frameworks/ImageIO.framework/Versions/A/Resources/libJPEG.dylib
0x00007fff3acab000 	/System/Library/Frameworks/ImageIO.framework/Versions/A/Resources/libTIFF.dylib
0x00007fff3ac8e000 	/System/Library/Frameworks/ImageIO.framework/Versions/A/Resources/libPng.dylib
0x00007fff3a92d000 	/System/Library/Frameworks/ImageIO.framework/Versions/A/Resources/libGIF.dylib
0x00007fff3a931000 	/System/Library/Frameworks/ImageIO.framework/Versions/A/Resources/libJP2.dylib
0x00007fff3aca9000 	/System/Library/Frameworks/ImageIO.framework/Versions/A/Resources/libRadiance.dylib
0x00007fff6cda2000 	/usr/lib/libexpat.1.dylib
0x00007fff4af86000 	/System/Library/PrivateFrameworks/AppleJPEG.framework/Versions/A/AppleJPEG
0x00007fff533ac000 	/System/Library/PrivateFrameworks/FontServices.framework/libFontParser.dylib
0x00007fff6a46a000 	/System/Library/PrivateFrameworks/WatchdogClient.framework/Versions/A/WatchdogClient
0x00007fff5b7c0000 	/System/Library/PrivateFrameworks/IOAccelerator.framework/Versions/A/IOAccelerator
0x00007fff3d3c8000 	/System/Library/Frameworks/MetalPerformanceShaders.framework/Versions/A/MetalPerformanceShaders
0x00007fff580fe000 	/System/Library/PrivateFrameworks/GPUWrangler.framework/Versions/A/GPUWrangler
0x00007fff5b7cb000 	/System/Library/PrivateFrameworks/IOPresentment.framework/Versions/A/IOPresentment
0x00007fff50f20000 	/System/Library/PrivateFrameworks/DSExternalDisplay.framework/Versions/A/DSExternalDisplay
0x00007fff41864000 	/System/Library/Frameworks/OpenGL.framework/Versions/A/Libraries/libCoreFSCache.dylib
0x00007fff3d11b000 	/System/Library/Frameworks/MetalPerformanceShaders.framework/Frameworks/MPSCore.framework/Versions/A/MPSCore
0x00007fff3d158000 	/System/Library/Frameworks/MetalPerformanceShaders.framework/Frameworks/MPSImage.framework/Versions/A/MPSImage
0x00007fff3d21a000 	/System/Library/Frameworks/MetalPerformanceShaders.framework/Frameworks/MPSNeuralNetwork.framework/Versions/A/MPSNeuralNetwork
0x00007fff3d1df000 	/System/Library/Frameworks/MetalPerformanceShaders.framework/Frameworks/MPSMatrix.framework/Versions/A/MPSMatrix
0x00007fff3d379000 	/System/Library/Frameworks/MetalPerformanceShaders.framework/Frameworks/MPSRayIntersector.framework/Versions/A/MPSRayIntersector
0x00007fff3d204000 	/System/Library/Frameworks/MetalPerformanceShaders.framework/Frameworks/MPSNDArray.framework/Versions/A/MPSNDArray
0x00007fff5d5d1000 	/System/Library/PrivateFrameworks/MetalTools.framework/Versions/A/MetalTools
0x00007fff4a251000 	/System/Library/PrivateFrameworks/AggregateDictionary.framework/Versions/A/AggregateDictionary
0x00007fff4ea22000 	/System/Library/PrivateFrameworks/CoreAnalytics.framework/Versions/A/CoreAnalytics
0x00007fff4b3a2000 	/System/Library/PrivateFrameworks/AppleSauce.framework/Versions/A/AppleSauce
0x00007fff6bd91000 	/usr/lib/libIOReport.dylib
0x00007fff398f8000 	/System/Library/Frameworks/CoreVideo.framework/Versions/A/CoreVideo
0x00007fff594f5000 	/System/Library/PrivateFrameworks/GraphVisualizer.framework/Versions/A/GraphVisualizer
0x00007fff52940000 	/System/Library/PrivateFrameworks/FaceCore.framework/Versions/A/FaceCore
0x00007fff40e85000 	/System/Library/Frameworks/OpenCL.framework/Versions/A/OpenCL
0x00007fff6bbb2000 	/usr/lib/libFosl_dynamic.dylib
0x00007fff5e90e000 	/System/Library/PrivateFrameworks/OTSVG.framework/Versions/A/OTSVG
0x00007fff359e2000 	/System/Library/Frameworks/ApplicationServices.framework/Versions/A/Frameworks/ATS.framework/Versions/A/Resources/libFontRegistry.dylib
0x00007fff5357d000 	/System/Library/PrivateFrameworks/FontServices.framework/libhvf.dylib
0x00007fff4186f000 	/System/Library/Frameworks/OpenGL.framework/Versions/A/Libraries/libGFXShared.dylib
0x00007fff41a4c000 	/System/Library/Frameworks/OpenGL.framework/Versions/A/Libraries/libGLU.dylib
0x00007fff41878000 	/System/Library/Frameworks/OpenGL.framework/Versions/A/Libraries/libGL.dylib
0x00007fff41883000 	/System/Library/Frameworks/OpenGL.framework/Versions/A/Libraries/libGLImage.dylib
0x00007fff41861000 	/System/Library/Frameworks/OpenGL.framework/Versions/A/Libraries/libCVMSPluginSupport.dylib
0x00007fff4186a000 	/System/Library/Frameworks/OpenGL.framework/Versions/A/Libraries/libCoreVMClient.dylib
0x00007fff6d7e0000 	/usr/lib/libncurses.5.4.dylib
0x00007fff358de000 	/System/Library/Frameworks/ApplicationServices.framework/Versions/A/Frameworks/ATS.framework/Versions/A/ATS
0x00007fff35aab000 	/System/Library/Frameworks/ApplicationServices.framework/Versions/A/Frameworks/ColorSyncLegacy.framework/Versions/A/ColorSyncLegacy
0x00007fff35b4a000 	/System/Library/Frameworks/ApplicationServices.framework/Versions/A/Frameworks/HIServices.framework/Versions/A/HIServices
0x00007fff35ba1000 	/System/Library/Frameworks/ApplicationServices.framework/Versions/A/Frameworks/LangAnalysis.framework/Versions/A/LangAnalysis
0x00007fff35bb0000 	/System/Library/Frameworks/ApplicationServices.framework/Versions/A/Frameworks/PrintCore.framework/Versions/A/PrintCore
0x00007fff35bf6000 	/System/Library/Frameworks/ApplicationServices.framework/Versions/A/Frameworks/QD.framework/Versions/A/QD
0x00007fff35c01000 	/System/Library/Frameworks/ApplicationServices.framework/Versions/A/Frameworks/SpeechSynthesis.framework/Versions/A/SpeechSynthesis
0x00007fff35a7b000 	/System/Library/Frameworks/ApplicationServices.framework/Versions/A/Frameworks/ATSUI.framework/Versions/A/ATSUI
0x00007fff6cc36000 	/usr/lib/libcups.2.dylib
0x00007fff3c0fa000 	/System/Library/Frameworks/Kerberos.framework/Versions/A/Kerberos
0x00007fff3a3cd000 	/System/Library/Frameworks/GSS.framework/Versions/A/GSS
0x00007fff6df4a000 	/usr/lib/libresolv.9.dylib
0x00007fff59693000 	/System/Library/PrivateFrameworks/Heimdal.framework/Versions/A/Heimdal
0x00007fff3c10d000 	/System/Library/Frameworks/Kerberos.framework/Versions/A/Libraries/libHeimdalProxy.dylib
0x00007fff6cddf000 	/usr/lib/libheimdal-asn1.dylib
0x00007fff4deee000 	/System/Library/PrivateFrameworks/CommonAuth.framework/Versions/A/CommonAuth
0x00007fff4b521000 	/System/Library/PrivateFrameworks/AssertionServices.framework/Versions/A/AssertionServices
0x00007fff4c0af000 	/System/Library/PrivateFrameworks/AudioToolboxCore.framework/Versions/A/AudioToolboxCore
0x00007fff6b05c000 	/System/Library/PrivateFrameworks/caulk.framework/Versions/A/caulk
0x00007fff4c658000 	/System/Library/PrivateFrameworks/BaseBoard.framework/Versions/A/BaseBoard
0x00007fff6290b000 	/System/Library/PrivateFrameworks/RunningBoardServices.framework/Versions/A/RunningBoardServices
0x00007fff5fac4000 	/System/Library/PrivateFrameworks/PersistentConnection.framework/Versions/A/PersistentConnection
0x00007fff6232e000 	/System/Library/PrivateFrameworks/ProtocolBuffer.framework/Versions/A/ProtocolBuffer
0x00007fff4df0b000 	/System/Library/PrivateFrameworks/CommonUtilities.framework/Versions/A/CommonUtilities
0x00007fff4c7dc000 	/System/Library/PrivateFrameworks/Bom.framework/Versions/A/Bom
0x00007fff6ba62000 	/usr/lib/libAudioToolboxUtility.dylib
0x00007fff4c5b7000 	/System/Library/PrivateFrameworks/Backup.framework/Versions/A/Backup
0x00007fff50c93000 	/System/Library/PrivateFrameworks/CrashReporterSupport.framework/Versions/A/CrashReporterSupport
0x00007fff64374000 	/System/Library/PrivateFrameworks/Sharing.framework/Versions/A/Sharing
0x00007fff4acd3000 	/System/Library/PrivateFrameworks/Apple80211.framework/Versions/A/Apple80211
0x00007fff4c2e4000 	/System/Library/PrivateFrameworks/AuthKit.framework/Versions/A/AuthKit
0x00007fff509c2000 	/System/Library/PrivateFrameworks/CoreUtils.framework/Versions/A/CoreUtils
0x00007fff3993d000 	/System/Library/Frameworks/CoreWLAN.framework/Versions/A/CoreWLAN
0x00007fff3a530000 	/System/Library/Frameworks/IOBluetooth.framework/Versions/A/IOBluetooth
0x00007fff5d8b8000 	/System/Library/PrivateFrameworks/MobileKeyBag.framework/Versions/A/MobileKeyBag
0x00007fff4faac000 	/System/Library/PrivateFrameworks/CorePhoneNumbers.framework/Versions/A/CorePhoneNumbers
0x00007fff4af39000 	/System/Library/PrivateFrameworks/AppleIDAuthSupport.framework/Versions/A/AppleIDAuthSupport
0x00007fff3e31c000 	/System/Library/Frameworks/Network.framework/Versions/A/Network
0x00007fff5bfb3000 	/System/Library/PrivateFrameworks/KeychainCircle.framework/Versions/A/KeychainCircle
0x00007fff3735f000 	/System/Library/Frameworks/CoreBluetooth.framework/Versions/A/CoreBluetooth
0x00007fff65fc4000 	/System/Library/PrivateFrameworks/SpeechRecognitionCore.framework/Versions/A/SpeechRecognitionCore
0x0000000105400000 	/Library/Java/JavaVirtualMachines/jdk-13.0.2.jdk/Contents/Home/lib/server/libjvm.dylib
0x0000000104b50000 	/Library/Java/JavaVirtualMachines/jdk-13.0.2.jdk/Contents/Home/lib/libverify.dylib
0x0000000104b5c000 	/Library/Java/JavaVirtualMachines/jdk-13.0.2.jdk/Contents/Home/lib/libjava.dylib
0x0000000104b9a000 	/Library/Java/JavaVirtualMachines/jdk-13.0.2.jdk/Contents/Home/lib/libjdwp.dylib
0x0000000104bd0000 	/Library/Java/JavaVirtualMachines/jdk-13.0.2.jdk/Contents/Home/lib/libinstrument.dylib
0x0000000104be2000 	/Library/Java/JavaVirtualMachines/jdk-13.0.2.jdk/Contents/Home/lib/libzip.dylib
0x0000000104be9000 	/Library/Java/JavaVirtualMachines/jdk-13.0.2.jdk/Contents/Home/lib/libjimage.dylib
0x000000010a1c5000 	/Library/Java/JavaVirtualMachines/jdk-13.0.2.jdk/Contents/Home/lib/libdt_socket.dylib
0x000000010a1cb000 	/Library/Java/JavaVirtualMachines/jdk-13.0.2.jdk/Contents/Home/lib/libnio.dylib
0x000000010a1d9000 	/Library/Java/JavaVirtualMachines/jdk-13.0.2.jdk/Contents/Home/lib/libnet.dylib


VM Arguments:
jvm_args: -agentlib:jdwp=transport=dt_socket,suspend=y,address=localhost:57438 -javaagent:/Applications/Eclipse.app/Contents/Eclipse/configuration/org.eclipse.osgi/578/0/.cp/lib/javaagent-shaded.jar -Dfile.encoding=UTF-8 
java_command: smar2t.ModelToJSON
java_class_path (initial): /Users/administrador/repos/smar2t_models/smar2t/target/classes:/Applications/Eclipse.app/Contents/Eclipse/plugins/org.eclipse.emf.ecore_2.20.0.v20190920-0401.jar:/Applications/Eclipse.app/Contents/Eclipse/plugins/org.eclipse.emf.common_2.17.0.v20190920-0401.jar:/Applications/Eclipse.app/Contents/Eclipse/plugins/org.eclipse.core.runtime_3.17.0.v20191122-2104.jar:/Applications/Eclipse.app/Contents/Eclipse/plugins/org.eclipse.osgi_3.15.100.v20191114-1701.jar:/Applications/Eclipse.app/Contents/Eclipse/plugins/org.eclipse.osgi.compatibility.state_1.1.600.v20190814-1451.jar:/Applications/Eclipse.app/Contents/Eclipse/plugins/org.eclipse.equinox.common_3.10.600.v20191004-1420.jar:/Applications/Eclipse.app/Contents/Eclipse/plugins/org.eclipse.core.jobs_3.10.600.v20191122-2104.jar:/Applications/Eclipse.app/Contents/Eclipse/plugins/org.eclipse.equinox.registry_3.8.600.v20191017-2055.jar:/Applications/Eclipse.app/Contents/Eclipse/plugins/org.eclipse.equinox.preferences_3.7.600.v20191017-2055.jar:/Applications/Eclipse.app/Contents/Eclipse/plugins/org.eclipse.core.contenttype_3.7.500.v20190916-2125.jar:/Applications/Eclipse.app/Contents/Eclipse/plugins/org.eclipse.equinox.app_1.4.300.v20190815-1535.jar:/Users/administrador/.m2/repository/org/emfjson/emfjson-jackson/1.2.0/emfjson-jackson-1.2.0.jar:/Users/administrador/.m2/repository/org/eclipse/emf/org.eclipse.emf.common/2.12.0/org.eclipse.emf.common-2.12.0.jar:/Users/administrador/.m2/repository/org/eclipse/emf/org.eclipse.emf.ecore/2.12.0/org.eclipse.emf.ecore-2.12.0.jar:/Users/administrador/.m2/repository/com/fasterxml/jackson/core/jackson-databind/2.9.1/jackson-databind-2.9.1.jar:/Users/administrador/.m2/repository/com/fasterxml/jackson/core/jackson-core/2.9.1/jackson-core-2.9.1.jar:/Users/administrador/.m2/repository/com/fasterxml/jackson/core/jackson-annotations/2.9.1/jackson-annotations-2.9.1.jar
Launcher Type: SUN_STANDARD

[Global flags]
     intx CICompilerCount                          = 3                                         {product} {ergonomic}
     uint ConcGCThreads                            = 1                                         {product} {ergonomic}
     uint G1ConcRefinementThreads                  = 4                                         {product} {ergonomic}
   size_t G1HeapRegionSize                         = 1048576                                   {product} {ergonomic}
    uintx GCDrainStackTargetSize                   = 64                                        {product} {ergonomic}
   size_t InitialHeapSize                          = 134217728                                 {product} {ergonomic}
   size_t MarkStackSize                            = 4194304                                   {product} {ergonomic}
   size_t MaxHeapSize                              = 2147483648                                {product} {ergonomic}
   size_t MaxNewSize                               = 1287651328                                {product} {ergonomic}
   size_t MinHeapDeltaBytes                        = 1048576                                   {product} {ergonomic}
   size_t MinHeapSize                              = 8388608                                   {product} {ergonomic}
    uintx NonNMethodCodeHeapSize                   = 5832780                                {pd product} {ergonomic}
    uintx NonProfiledCodeHeapSize                  = 122912730                              {pd product} {ergonomic}
    uintx ProfiledCodeHeapSize                     = 122912730                              {pd product} {ergonomic}
    uintx ReservedCodeCacheSize                    = 251658240                              {pd product} {ergonomic}
     bool SegmentedCodeCache                       = true                                      {product} {ergonomic}
   size_t SoftMaxHeapSize                          = 2147483648                             {manageable} {ergonomic}
     bool UseCompressedClassPointers               = true                                 {lp64_product} {ergonomic}
     bool UseCompressedOops                        = true                                 {lp64_product} {ergonomic}
     bool UseG1GC                                  = true                                      {product} {ergonomic}

Logging:
Log output configuration:
 #0: stdout all=warning uptime,level,tags
 #1: stderr all=off uptime,level,tags

Environment Variables:
PATH=/usr/bin:/bin:/usr/sbin:/sbin
SHELL=/bin/bash

Signal Handlers:
SIGSEGV: [libjvm.dylib+0x77ba40], sa_mask[0]=11111111011111110111111111111111, sa_flags=SA_ONSTACK|SA_RESTART|SA_SIGINFO
SIGBUS: [libjvm.dylib+0x77ba40], sa_mask[0]=11111111011111110111111111111111, sa_flags=SA_RESTART|SA_SIGINFO
SIGFPE: [libjvm.dylib+0x77ba40], sa_mask[0]=11111111011111110111111111111111, sa_flags=SA_RESTART|SA_SIGINFO
SIGPIPE: [libjvm.dylib+0x6221fd], sa_mask[0]=11111111011111110111111111111111, sa_flags=SA_RESTART|SA_SIGINFO
SIGXFSZ: [libjvm.dylib+0x6221fd], sa_mask[0]=11111111011111110111111111111111, sa_flags=SA_RESTART|SA_SIGINFO
SIGILL: [libjvm.dylib+0x77ba40], sa_mask[0]=11111111011111110111111111111111, sa_flags=SA_RESTART|SA_SIGINFO
SIGUSR2: [libjvm.dylib+0x6227e7], sa_mask[0]=00100000000000000000000000000000, sa_flags=SA_RESTART|SA_SIGINFO
SIGHUP: [libjvm.dylib+0x6217d5], sa_mask[0]=11111111011111110111111111111111, sa_flags=SA_RESTART|SA_SIGINFO
SIGINT: [libjvm.dylib+0x6217d5], sa_mask[0]=11111111011111110111111111111111, sa_flags=SA_RESTART|SA_SIGINFO
SIGTERM: [libjvm.dylib+0x6217d5], sa_mask[0]=11111111011111110111111111111111, sa_flags=SA_RESTART|SA_SIGINFO
SIGQUIT: [libjvm.dylib+0x6217d5], sa_mask[0]=11111111011111110111111111111111, sa_flags=SA_RESTART|SA_SIGINFO


---------------  S Y S T E M  ---------------

OS:uname:Darwin 19.0.0 Darwin Kernel Version 19.0.0: Tue Jul 23 01:19:36 PDT 2019; root:xnu-6153.0.103.151.1~4/RELEASE_X86_64 x86_64
rlimit: STACK 8192k, CORE 0k, NPROC 1392, NOFILE 10240, AS infinity, DATA infinity, FSIZE infinity
load average:2.50 1.96 1.78

CPU:total 4 (initial active 4) (2 cores per cpu, 2 threads per core) family 6 model 69 stepping 1, cmov, cx8, fxsr, mmx, sse, sse2, sse3, ssse3, sse4.1, sse4.2, popcnt, avx, avx2, aes, clmul, erms, lzcnt, ht, tsc, tscinvbit, bmi1, bmi2, fma

Memory: 4k page, physical 8388608k(69116k free), swap 3145728k(1683456k free)

vm_info: Java HotSpot(TM) 64-Bit Server VM (13.0.2+8) for bsd-amd64 JRE (13.0.2+8), built on Dec 11 2019 09:27:08 by "mach5one" with clang 4.2.1 Compatible Apple LLVM 10.0.0 (clang-1000.11.45.5)

END.
